Build started 12/25/2016 7:13:52 PM.
     1>Project "C:\Users\ivanc\CPractice\OpenGLPractice\OpenGLPractice\OpenGLPractice.vcxproj" on node 2 (build target(s)).
     1>InitializeBuildStatus:
         Creating "Debug\OpenGLPractice.unsuccessfulbuild" because "AlwaysCreate" was specified.
       ClCompile:
         C:\Program Files (x86)\Microsoft Visual Studio 10.0\VC\bin\CL.exe /c /IC:\Users\ivanc\CPractice\OpenGLPractice\OpenGLPractice /IC:\Users\ivanc\CPractice\OpenGLPractice\glm /IC:\Users\ivanc\CPractice\OpenGLPractice\glfw\include /IC:\Users\ivanc\CPractice\OpenGLPractice\glew\include /ZI /nologo /W3 /WX- /Od /Oy- /D WIN32 /D _DEBUG /D _CONSOLE /D _UNICODE /D UNICODE /Gm /EHsc /RTC1 /MDd /GS /fp:precise /Zc:wchar_t /Zc:forScope /Fo"Debug\\" /Fd"Debug\vc100.pdb" /Gd /TP /analyze- /errorReport:prompt main.cpp tree.cpp
         tree.cpp
     1>c:\users\ivanc\cpractice\openglpractice\openglpractice\tree.cpp(21): warning C4018: '<' : signed/unsigned mismatch
     1>c:\users\ivanc\cpractice\openglpractice\openglpractice\tree.cpp(33): warning C4018: '<' : signed/unsigned mismatch
     1>c:\users\ivanc\cpractice\openglpractice\openglpractice\tree.cpp(5): warning C4018: '<' : signed/unsigned mismatch
                 c:\users\ivanc\cpractice\openglpractice\openglpractice\tree.cpp(23) : see reference to function template instantiation 'std::vector<_Ty> vectorAppend<Branch>(std::vector<_Ty>,std::vector<_Ty>)' being compiled
                 with
                 [
                     _Ty=Branch
                 ]
     1>c:\users\ivanc\cpractice\openglpractice\openglpractice\tree.cpp(5): warning C4018: '<' : signed/unsigned mismatch
                 c:\users\ivanc\cpractice\openglpractice\openglpractice\tree.cpp(35) : see reference to function template instantiation 'std::vector<_Ty> vectorAppend<float>(std::vector<_Ty>,std::vector<_Ty>)' being compiled
                 with
                 [
                     _Ty=float
                 ]
         main.cpp
     1>c:\users\ivanc\cpractice\openglpractice\openglpractice\main.cpp(58): warning C4244: 'argument' : conversion from 'time_t' to 'unsigned int', possible loss of data
         Generating Code...
       ManifestResourceCompile:
         All outputs are up-to-date.
       Link:
         C:\Program Files (x86)\Microsoft Visual Studio 10.0\VC\bin\link.exe /ERRORREPORT:PROMPT /OUT:"C:\Users\ivanc\CPractice\OpenGLPractice\Debug\OpenGLPractice.exe" /INCREMENTAL /NOLOGO /LIBPATH:"C:\Users\ivanc\CPractice\OpenGLPractice\glfw\lib-vc2010" /LIBPATH:C:\Users\ivanc\CPractice\OpenGLPractice\glew\lib opengl32.lib glu32.lib glew32.lib glfw3.lib kernel32.lib user32.lib gdi32.lib winspool.lib comdlg32.lib advapi32.lib shell32.lib ole32.lib oleaut32.lib uuid.lib odbc32.lib odbccp32.lib /MANIFEST /ManifestFile:"Debug\OpenGLPractice.exe.intermediate.manifest" /MANIFESTUAC:"level='asInvoker' uiAccess='false'" /DEBUG /PDB:"C:\Users\ivanc\CPractice\OpenGLPractice\Debug\OpenGLPractice.pdb" /SUBSYSTEM:CONSOLE /TLBID:1 /DYNAMICBASE /NXCOMPAT /IMPLIB:"C:\Users\ivanc\CPractice\OpenGLPractice\Debug\OpenGLPractice.lib" /MACHINE:X86 Debug\OpenGLPractice.exe.embed.manifest.res
         Debug\branch.obj
         Debug\main.obj
         Debug\shader.obj
         Debug\tree.obj
       Manifest:
         C:\Program Files (x86)\Microsoft SDKs\Windows\v7.0A\bin\mt.exe /nologo /verbose /out:"Debug\OpenGLPractice.exe.embed.manifest" /manifest Debug\OpenGLPractice.exe.intermediate.manifest
         All outputs are up-to-date.
       LinkEmbedManifest:
         All outputs are up-to-date.
         OpenGLPractice.vcxproj -> C:\Users\ivanc\CPractice\OpenGLPractice\Debug\OpenGLPractice.exe
       FinalizeBuildStatus:
         Deleting file "Debug\OpenGLPractice.unsuccessfulbuild".
         Touching "Debug\OpenGLPractice.lastbuildstate".
     1>Done Building Project "C:\Users\ivanc\CPractice\OpenGLPractice\OpenGLPractice\OpenGLPractice.vcxproj" (build target(s)).

Build succeeded.

Time Elapsed 00:00:03.62
